
> nextn@0.1.0 build
> next build

   Î“Ă»â–“ Next.js 15.2.3
   - Environments: .env

   Creating an optimized production build ...
 Î“ĂśĂˇ Compiled with warnings

./node_modules/@opentelemetry/sdk-node/build/src/TracerProviderWithEnvExporter.js
Module not found: Can't resolve '@opentelemetry/exporter-jaeger' in 'C:\Users\vrush\OneDrive\Desktop\Educompass_ipd\Educompass\node_modules\@opentelemetry\sdk-node\build\src'

Import trace for requested module:
./node_modules/@opentelemetry/sdk-node/build/src/TracerProviderWithEnvExporter.js
./node_modules/@opentelemetry/sdk-node/build/src/sdk.js
./node_modules/@opentelemetry/sdk-node/build/src/index.js
./node_modules/@genkit-ai/core/lib/tracing.js
./node_modules/@genkit-ai/core/lib/action.js
./node_modules/@genkit-ai/core/lib/registry.js
./node_modules/genkit/lib/registry.js
./node_modules/genkit/lib/genkit.js
./node_modules/genkit/lib/index.mjs
./src/ai/flows/summarize-college-profile.ts

./node_modules/handlebars/lib/index.js
require.extensions is not supported by webpack. Use a loader instead.

Import trace for requested module:
./node_modules/handlebars/lib/index.js
./node_modules/dotprompt/dist/index.js
./node_modules/@genkit-ai/core/lib/registry.js
./node_modules/genkit/lib/registry.js
./node_modules/genkit/lib/genkit.js
./node_modules/genkit/lib/index.mjs
./src/ai/flows/summarize-college-profile.ts

./node_modules/handlebars/lib/index.js
require.extensions is not supported by webpack. Use a loader instead.

Import trace for requested module:
./node_modules/handlebars/lib/index.js
./node_modules/dotprompt/dist/index.js
./node_modules/@genkit-ai/core/lib/registry.js
./node_modules/genkit/lib/registry.js
./node_modules/genkit/lib/genkit.js
./node_modules/genkit/lib/index.mjs
./src/ai/flows/summarize-college-profile.ts

./node_modules/handlebars/lib/index.js
require.extensions is not supported by webpack. Use a loader instead.

Import trace for requested module:
./node_modules/handlebars/lib/index.js
./node_modules/dotprompt/dist/index.js
./node_modules/@genkit-ai/core/lib/registry.js
./node_modules/genkit/lib/registry.js
./node_modules/genkit/lib/genkit.js
./node_modules/genkit/lib/index.mjs
./src/ai/flows/summarize-college-profile.ts

 Î“ÂŁĂ´ Compiled successfully
   Skipping validation of types
   Skipping linting
   Collecting page data ...
   Generating static pages (0/21) ...
   Generating static pages (5/21) 
   Generating static pages (10/21) 
   Generating static pages (15/21) 
 Î“ÂŁĂ´ Generating static pages (21/21)
   Finalizing page optimization ...
   Collecting build traces ...

Route (app)                                 Size  First Load JS
Î“Ă¶Ă® Î“ĂąĂŻ /                                    25.8 kB         246 kB
Î“Ă¶ÂŁ Î“ĂąĂŻ /_not-found                            981 B         102 kB
Î“Ă¶ÂŁ Î“ĂąĂŻ /admin/analytics                     72.6 kB         211 kB
Î“Ă¶ÂŁ Î“ĂąĂŻ /admin/manage-colleges               13.5 kB         180 kB
Î“Ă¶ÂŁ Î“ĂąĂŻ /admin/manage-users                  7.59 kB         150 kB
Î“Ă¶ÂŁ Î“ĂąĂŻ /ai-counselor                        10.4 kB         118 kB
Î“Ă¶ÂŁ Î“ĂąĂŻ /alumni-network                      7.45 kB         115 kB
Î“Ă¶ÂŁ â•žĂ† /api/chat/advisor                      152 B         101 kB
Î“Ă¶ÂŁ â•žĂ† /api/universities                      152 B         101 kB
Î“Ă¶ÂŁ â•žĂ† /auth/callback                         152 B         101 kB
Î“Ă¶ÂŁ Î“ĂąĂŻ /college-search                      8.27 kB         125 kB
Î“Ă¶ÂŁ â•žĂ† /college-search/[id]                 12.5 kB         128 kB
Î“Ă¶ÂŁ Î“ĂąĂŻ /dashboard                           6.21 kB         123 kB
Î“Ă¶ÂŁ Î“ĂąĂŻ /login                               6.99 kB         167 kB
Î“Ă¶ÂŁ Î“ĂąĂŻ /my-profile                          6.63 kB         169 kB
Î“Ă¶ÂŁ Î“ĂąĂŻ /recommendations                     9.41 kB         181 kB
Î“Ă¶ÂŁ Î“ĂąĂŻ /register                            7.05 kB         167 kB
Î“Ă¶ÂŁ Î“ĂąĂŻ /settings                              152 B         101 kB
Î“Ă¶Ă¶ Î“ĂąĂŻ /sop-assistant                       7.42 kB         140 kB
+ First Load JS shared by all             101 kB
  Î“Ă¶ÂŁ chunks/1684-d2ffed2134d8fedf.js      45.3 kB
  Î“Ă¶ÂŁ chunks/4bd1b696-36ef770d076a2748.js  53.2 kB
  Î“Ă¶Ă¶ other shared chunks (total)             2 kB


Î“ĂąĂŻ  (Static)   prerendered as static content
â•žĂ†  (Dynamic)  server-rendered on demand

